2023-12-20 19:09:52,658 [Worker-5: Loading available Gradle versions] INFO  o.e.b.c.i.u.g.PublishedGradleVersions - Gradle version information cache is up-to-date. Trying to read.
2023-12-20 19:11:35,366 [Worker-1: Loading available Gradle versions] INFO  o.e.b.c.i.u.g.PublishedGradleVersions - Gradle version information cache is up-to-date. Trying to read.
2023-12-20 19:24:53,761 [Worker-5: Loading available Gradle versions] INFO  o.e.b.c.i.u.g.PublishedGradleVersions - Gradle version information cache is up-to-date. Trying to read.
2023-12-20 19:55:34,605 [Worker-2: Loading available Gradle versions] INFO  o.e.b.c.i.u.g.PublishedGradleVersions - Gradle version information cache is up-to-date. Trying to read.
2023-12-20 20:09:46,623 [Worker-5: Loading available Gradle versions] INFO  o.e.b.c.i.u.g.PublishedGradleVersions - Gradle version information cache is up-to-date. Trying to read.
2023-12-20 20:12:50,468 [Worker-1: Loading available Gradle versions] INFO  o.e.b.c.i.u.g.PublishedGradleVersions - Gradle version information cache is up-to-date. Trying to read.
2023-12-21 13:53:12,894 [Worker-0: Loading available Gradle versions] INFO  o.e.b.c.i.u.g.PublishedGradleVersions - Gradle version information cache is up-to-date. Trying to read.
2023-12-22 11:36:54,573 [Worker-7: Loading available Gradle versions] INFO  o.e.b.c.i.u.g.PublishedGradleVersions - Gradle version information cache is out-of-date. Trying to update.
2023-12-22 15:06:30,142 [Worker-5: Loading available Gradle versions] INFO  o.e.b.c.i.u.g.PublishedGradleVersions - Gradle version information cache is up-to-date. Trying to read.
2023-12-22 18:26:19,262 [Worker-3: Loading available Gradle versions] INFO  o.e.b.c.i.u.g.PublishedGradleVersions - Gradle version information cache is up-to-date. Trying to read.
2023-12-23 10:17:43,853 [Worker-5: Loading available Gradle versions] INFO  o.e.b.c.i.u.g.PublishedGradleVersions - Gradle version information cache is up-to-date. Trying to read.
2023-12-24 11:55:20,720 [Worker-0: Loading available Gradle versions] INFO  o.e.b.c.i.u.g.PublishedGradleVersions - Gradle version information cache is out-of-date. Trying to update.
2023-12-24 13:04:52,594 [Worker-7: Loading available Gradle versions] INFO  o.e.b.c.i.u.g.PublishedGradleVersions - Gradle version information cache is up-to-date. Trying to read.
2023-12-25 10:20:13,083 [Worker-7: Loading available Gradle versions] INFO  o.e.b.c.i.u.g.PublishedGradleVersions - Gradle version information cache is up-to-date. Trying to read.
2023-12-25 15:16:49,399 [Worker-0: Loading available Gradle versions] INFO  o.e.b.c.i.u.g.PublishedGradleVersions - Gradle version information cache is out-of-date. Trying to update.
2023-12-25 15:18:14,560 [ModalContext] INFO  o.e.m.c.i.e.AbstractTransferListenerAdapter - Downloading https://repo.maven.apache.org/maven2/org/apache/maven/archetypes/maven-archetype-quickstart/1.1/maven-archetype-quickstart-1.1.pom
2023-12-25 15:18:14,569 [ModalContext] INFO  o.e.m.c.i.e.AbstractTransferListenerAdapter - Downloaded https://repo.maven.apache.org/maven2/org/apache/maven/archetypes/maven-archetype-quickstart/1.1/maven-archetype-quickstart-1.1.pom
2023-12-25 15:18:14,614 [ModalContext] INFO  o.e.m.c.i.e.AbstractTransferListenerAdapter - Downloading https://repo.maven.apache.org/maven2/org/apache/maven/archetypes/maven-archetype-bundles/4/maven-archetype-bundles-4.pom
2023-12-25 15:18:14,615 [ModalContext] INFO  o.e.m.c.i.e.AbstractTransferListenerAdapter - Downloaded https://repo.maven.apache.org/maven2/org/apache/maven/archetypes/maven-archetype-bundles/4/maven-archetype-bundles-4.pom
2023-12-25 15:18:14,642 [ModalContext] INFO  o.e.m.c.i.e.AbstractTransferListenerAdapter - Downloading https://repo.maven.apache.org/maven2/org/apache/maven/archetype/maven-archetype/2.0-alpha-5/maven-archetype-2.0-alpha-5.pom
2023-12-25 15:18:14,645 [ModalContext] INFO  o.e.m.c.i.e.AbstractTransferListenerAdapter - Downloaded https://repo.maven.apache.org/maven2/org/apache/maven/archetype/maven-archetype/2.0-alpha-5/maven-archetype-2.0-alpha-5.pom
2023-12-25 15:18:14,673 [ModalContext] INFO  o.e.m.c.i.e.AbstractTransferListenerAdapter - Downloading https://repo.maven.apache.org/maven2/org/apache/maven/maven-parent/16/maven-parent-16.pom
2023-12-25 15:18:14,679 [ModalContext] INFO  o.e.m.c.i.e.AbstractTransferListenerAdapter - Downloaded https://repo.maven.apache.org/maven2/org/apache/maven/maven-parent/16/maven-parent-16.pom
2023-12-25 15:18:14,707 [ModalContext] INFO  o.e.m.c.i.e.AbstractTransferListenerAdapter - Downloading https://repo.maven.apache.org/maven2/org/apache/apache/7/apache-7.pom
2023-12-25 15:18:14,710 [ModalContext] INFO  o.e.m.c.i.e.AbstractTransferListenerAdapter - Downloaded https://repo.maven.apache.org/maven2/org/apache/apache/7/apache-7.pom
2023-12-25 15:18:14,760 [ModalContext] INFO  o.e.m.c.i.e.AbstractTransferListenerAdapter - Downloading https://repo.maven.apache.org/maven2/org/apache/maven/archetypes/maven-archetype-quickstart/1.1/maven-archetype-quickstart-1.1.jar
2023-12-25 15:18:14,762 [ModalContext] INFO  o.e.m.c.i.e.AbstractTransferListenerAdapter - Downloaded https://repo.maven.apache.org/maven2/org/apache/maven/archetypes/maven-archetype-quickstart/1.1/maven-archetype-quickstart-1.1.jar
2023-12-25 15:18:42,849 [Worker-12: Launching mavenrun-35b6ba9f-f905-40fd-aab7-3f0a2479c142] INFO  o.eclipse.m2e.core.internal.Bundles - getClasspathEntries(Bundle=org.eclipse.m2e.maven.runtime_3.9.500.20231113-2345 [620])
2023-12-25 15:18:42,850 [Worker-12: Launching mavenrun-35b6ba9f-f905-40fd-aab7-3f0a2479c142] INFO  o.eclipse.m2e.core.internal.Bundles - 	Entry: /home/dialmonsalve/.p2/pool/plugins/org.eclipse.m2e.maven.runtime_3.9.500.20231113-2345
2023-12-25 15:18:42,851 [Worker-12: Launching mavenrun-35b6ba9f-f905-40fd-aab7-3f0a2479c142] INFO  o.eclipse.m2e.core.internal.Bundles - 	Entry: /home/dialmonsalve/.p2/pool/plugins/org.eclipse.m2e.maven.runtime_3.9.500.20231113-2345/jars/aopalliance-1.0.jar
2023-12-25 15:18:42,851 [Worker-12: Launching mavenrun-35b6ba9f-f905-40fd-aab7-3f0a2479c142] INFO  o.eclipse.m2e.core.internal.Bundles - 	Entry: /home/dialmonsalve/.p2/pool/plugins/org.eclipse.m2e.maven.runtime_3.9.500.20231113-2345/jars/guice-5.1.0.jar
2023-12-25 15:18:42,851 [Worker-12: Launching mavenrun-35b6ba9f-f905-40fd-aab7-3f0a2479c142] INFO  o.eclipse.m2e.core.internal.Bundles - 	Entry: /home/dialmonsalve/.p2/pool/plugins/org.eclipse.m2e.maven.runtime_3.9.500.20231113-2345/jars/httpclient-4.5.14.jar
2023-12-25 15:18:42,851 [Worker-12: Launching mavenrun-35b6ba9f-f905-40fd-aab7-3f0a2479c142] INFO  o.eclipse.m2e.core.internal.Bundles - 	Entry: /home/dialmonsalve/.p2/pool/plugins/org.eclipse.m2e.maven.runtime_3.9.500.20231113-2345/jars/httpcore-4.4.16.jar
2023-12-25 15:18:42,851 [Worker-12: Launching mavenrun-35b6ba9f-f905-40fd-aab7-3f0a2479c142] INFO  o.eclipse.m2e.core.internal.Bundles - 	Entry: /home/dialmonsalve/.p2/pool/plugins/org.eclipse.m2e.maven.runtime_3.9.500.20231113-2345/jars/jansi-2.4.0.jar
2023-12-25 15:18:42,851 [Worker-12: Launching mavenrun-35b6ba9f-f905-40fd-aab7-3f0a2479c142] INFO  o.eclipse.m2e.core.internal.Bundles - 	Entry: /home/dialmonsalve/.p2/pool/plugins/org.eclipse.m2e.maven.runtime_3.9.500.20231113-2345/jars/jcl-over-slf4j-1.7.36.jar
2023-12-25 15:18:42,851 [Worker-12: Launching mavenrun-35b6ba9f-f905-40fd-aab7-3f0a2479c142] INFO  o.eclipse.m2e.core.internal.Bundles - 	Entry: /home/dialmonsalve/.p2/pool/plugins/org.eclipse.m2e.maven.runtime_3.9.500.20231113-2345/jars/maven-artifact-3.9.5.jar
2023-12-25 15:18:42,851 [Worker-12: Launching mavenrun-35b6ba9f-f905-40fd-aab7-3f0a2479c142] INFO  o.eclipse.m2e.core.internal.Bundles - 	Entry: /home/dialmonsalve/.p2/pool/plugins/org.eclipse.m2e.maven.runtime_3.9.500.20231113-2345/jars/maven-builder-support-3.9.5.jar
2023-12-25 15:18:42,852 [Worker-12: Launching mavenrun-35b6ba9f-f905-40fd-aab7-3f0a2479c142] INFO  o.eclipse.m2e.core.internal.Bundles - 	Entry: /home/dialmonsalve/.p2/pool/plugins/org.eclipse.m2e.maven.runtime_3.9.500.20231113-2345/jars/maven-compat-3.9.5.jar
2023-12-25 15:18:42,852 [Worker-12: Launching mavenrun-35b6ba9f-f905-40fd-aab7-3f0a2479c142] INFO  o.eclipse.m2e.core.internal.Bundles - 	Entry: /home/dialmonsalve/.p2/pool/plugins/org.eclipse.m2e.maven.runtime_3.9.500.20231113-2345/jars/maven-core-3.9.5.jar
2023-12-25 15:18:42,852 [Worker-12: Launching mavenrun-35b6ba9f-f905-40fd-aab7-3f0a2479c142] INFO  o.eclipse.m2e.core.internal.Bundles - 	Entry: /home/dialmonsalve/.p2/pool/plugins/org.eclipse.m2e.maven.runtime_3.9.500.20231113-2345/jars/maven-embedder-3.9.5.jar
2023-12-25 15:18:42,852 [Worker-12: Launching mavenrun-35b6ba9f-f905-40fd-aab7-3f0a2479c142] INFO  o.eclipse.m2e.core.internal.Bundles - 	Entry: /home/dialmonsalve/.p2/pool/plugins/org.eclipse.m2e.maven.runtime_3.9.500.20231113-2345/jars/maven-model-3.9.5.jar
2023-12-25 15:18:42,852 [Worker-12: Launching mavenrun-35b6ba9f-f905-40fd-aab7-3f0a2479c142] INFO  o.eclipse.m2e.core.internal.Bundles - 	Entry: /home/dialmonsalve/.p2/pool/plugins/org.eclipse.m2e.maven.runtime_3.9.500.20231113-2345/jars/maven-model-builder-3.9.5.jar
2023-12-25 15:18:42,853 [Worker-12: Launching mavenrun-35b6ba9f-f905-40fd-aab7-3f0a2479c142] INFO  o.eclipse.m2e.core.internal.Bundles - 	Entry: /home/dialmonsalve/.p2/pool/plugins/org.eclipse.m2e.maven.runtime_3.9.500.20231113-2345/jars/maven-plugin-api-3.9.5.jar
2023-12-25 15:18:42,853 [Worker-12: Launching mavenrun-35b6ba9f-f905-40fd-aab7-3f0a2479c142] INFO  o.eclipse.m2e.core.internal.Bundles - 	Entry: /home/dialmonsalve/.p2/pool/plugins/org.eclipse.m2e.maven.runtime_3.9.500.20231113-2345/jars/maven-repository-metadata-3.9.5.jar
2023-12-25 15:18:42,853 [Worker-12: Launching mavenrun-35b6ba9f-f905-40fd-aab7-3f0a2479c142] INFO  o.eclipse.m2e.core.internal.Bundles - 	Entry: /home/dialmonsalve/.p2/pool/plugins/org.eclipse.m2e.maven.runtime_3.9.500.20231113-2345/jars/maven-resolver-api-1.9.16.jar
2023-12-25 15:18:42,853 [Worker-12: Launching mavenrun-35b6ba9f-f905-40fd-aab7-3f0a2479c142] INFO  o.eclipse.m2e.core.internal.Bundles - 	Entry: /home/dialmonsalve/.p2/pool/plugins/org.eclipse.m2e.maven.runtime_3.9.500.20231113-2345/jars/maven-resolver-connector-basic-1.9.16.jar
2023-12-25 15:18:42,853 [Worker-12: Launching mavenrun-35b6ba9f-f905-40fd-aab7-3f0a2479c142] INFO  o.eclipse.m2e.core.internal.Bundles - 	Entry: /home/dialmonsalve/.p2/pool/plugins/org.eclipse.m2e.maven.runtime_3.9.500.20231113-2345/jars/maven-resolver-impl-1.9.16.jar
2023-12-25 15:18:42,855 [Worker-12: Launching mavenrun-35b6ba9f-f905-40fd-aab7-3f0a2479c142] INFO  o.eclipse.m2e.core.internal.Bundles - 	Entry: /home/dialmonsalve/.p2/pool/plugins/org.eclipse.m2e.maven.runtime_3.9.500.20231113-2345/jars/maven-resolver-named-locks-1.9.16.jar
2023-12-25 15:18:42,855 [Worker-12: Launching mavenrun-35b6ba9f-f905-40fd-aab7-3f0a2479c142] INFO  o.eclipse.m2e.core.internal.Bundles - 	Entry: /home/dialmonsalve/.p2/pool/plugins/org.eclipse.m2e.maven.runtime_3.9.500.20231113-2345/jars/maven-resolver-provider-3.9.5.jar
2023-12-25 15:18:42,855 [Worker-12: Launching mavenrun-35b6ba9f-f905-40fd-aab7-3f0a2479c142] INFO  o.eclipse.m2e.core.internal.Bundles - 	Entry: /home/dialmonsalve/.p2/pool/plugins/org.eclipse.m2e.maven.runtime_3.9.500.20231113-2345/jars/maven-resolver-spi-1.9.16.jar
2023-12-25 15:18:42,855 [Worker-12: Launching mavenrun-35b6ba9f-f905-40fd-aab7-3f0a2479c142] INFO  o.eclipse.m2e.core.internal.Bundles - 	Entry: /home/dialmonsalve/.p2/pool/plugins/org.eclipse.m2e.maven.runtime_3.9.500.20231113-2345/jars/maven-resolver-transport-file-1.9.16.jar
2023-12-25 15:18:42,855 [Worker-12: Launching mavenrun-35b6ba9f-f905-40fd-aab7-3f0a2479c142] INFO  o.eclipse.m2e.core.internal.Bundles - 	Entry: /home/dialmonsalve/.p2/pool/plugins/org.eclipse.m2e.maven.runtime_3.9.500.20231113-2345/jars/maven-resolver-transport-http-1.9.16.jar
2023-12-25 15:18:42,855 [Worker-12: Launching mavenrun-35b6ba9f-f905-40fd-aab7-3f0a2479c142] INFO  o.eclipse.m2e.core.internal.Bundles - 	Entry: /home/dialmonsalve/.p2/pool/plugins/org.eclipse.m2e.maven.runtime_3.9.500.20231113-2345/jars/maven-resolver-transport-wagon-1.9.16.jar
2023-12-25 15:18:42,856 [Worker-12: Launching mavenrun-35b6ba9f-f905-40fd-aab7-3f0a2479c142] INFO  o.eclipse.m2e.core.internal.Bundles - 	Entry: /home/dialmonsalve/.p2/pool/plugins/org.eclipse.m2e.maven.runtime_3.9.500.20231113-2345/jars/maven-resolver-util-1.9.16.jar
2023-12-25 15:18:42,856 [Worker-12: Launching mavenrun-35b6ba9f-f905-40fd-aab7-3f0a2479c142] INFO  o.eclipse.m2e.core.internal.Bundles - 	Entry: /home/dialmonsalve/.p2/pool/plugins/org.eclipse.m2e.maven.runtime_3.9.500.20231113-2345/jars/maven-settings-3.9.5.jar
2023-12-25 15:18:42,856 [Worker-12: Launching mavenrun-35b6ba9f-f905-40fd-aab7-3f0a2479c142] INFO  o.eclipse.m2e.core.internal.Bundles - 	Entry: /home/dialmonsalve/.p2/pool/plugins/org.eclipse.m2e.maven.runtime_3.9.500.20231113-2345/jars/maven-settings-builder-3.9.5.jar
2023-12-25 15:18:42,856 [Worker-12: Launching mavenrun-35b6ba9f-f905-40fd-aab7-3f0a2479c142] INFO  o.eclipse.m2e.core.internal.Bundles - 	Entry: /home/dialmonsalve/.p2/pool/plugins/org.eclipse.m2e.maven.runtime_3.9.500.20231113-2345/jars/maven-shared-utils-3.3.4.jar
2023-12-25 15:18:42,856 [Worker-12: Launching mavenrun-35b6ba9f-f905-40fd-aab7-3f0a2479c142] INFO  o.eclipse.m2e.core.internal.Bundles - 	Entry: /home/dialmonsalve/.p2/pool/plugins/org.eclipse.m2e.maven.runtime_3.9.500.20231113-2345/jars/org.eclipse.sisu.inject-0.3.5.jar
2023-12-25 15:18:42,856 [Worker-12: Launching mavenrun-35b6ba9f-f905-40fd-aab7-3f0a2479c142] INFO  o.eclipse.m2e.core.internal.Bundles - 	Entry: /home/dialmonsalve/.p2/pool/plugins/org.eclipse.m2e.maven.runtime_3.9.500.20231113-2345/jars/org.eclipse.sisu.plexus-0.3.5.jar
2023-12-25 15:18:42,856 [Worker-12: Launching mavenrun-35b6ba9f-f905-40fd-aab7-3f0a2479c142] INFO  o.eclipse.m2e.core.internal.Bundles - 	Entry: /home/dialmonsalve/.p2/pool/plugins/org.eclipse.m2e.maven.runtime_3.9.500.20231113-2345/jars/plexus-build-api-0.0.7.jar
2023-12-25 15:18:42,856 [Worker-12: Launching mavenrun-35b6ba9f-f905-40fd-aab7-3f0a2479c142] INFO  o.eclipse.m2e.core.internal.Bundles - 	Entry: /home/dialmonsalve/.p2/pool/plugins/org.eclipse.m2e.maven.runtime_3.9.500.20231113-2345/jars/plexus-cipher-2.0.jar
2023-12-25 15:18:42,856 [Worker-12: Launching mavenrun-35b6ba9f-f905-40fd-aab7-3f0a2479c142] INFO  o.eclipse.m2e.core.internal.Bundles - 	Entry: /home/dialmonsalve/.p2/pool/plugins/org.eclipse.m2e.maven.runtime_3.9.500.20231113-2345/jars/plexus-classworlds-2.7.0.jar
2023-12-25 15:18:42,856 [Worker-12: Launching mavenrun-35b6ba9f-f905-40fd-aab7-3f0a2479c142] INFO  o.eclipse.m2e.core.internal.Bundles - 	Entry: /home/dialmonsalve/.p2/pool/plugins/org.eclipse.m2e.maven.runtime_3.9.500.20231113-2345/jars/plexus-component-annotations-2.1.0.jar
2023-12-25 15:18:42,856 [Worker-12: Launching mavenrun-35b6ba9f-f905-40fd-aab7-3f0a2479c142] INFO  o.eclipse.m2e.core.internal.Bundles - 	Entry: /home/dialmonsalve/.p2/pool/plugins/org.eclipse.m2e.maven.runtime_3.9.500.20231113-2345/jars/plexus-interpolation-1.26.jar
2023-12-25 15:18:42,857 [Worker-12: Launching mavenrun-35b6ba9f-f905-40fd-aab7-3f0a2479c142] INFO  o.eclipse.m2e.core.internal.Bundles - 	Entry: /home/dialmonsalve/.p2/pool/plugins/org.eclipse.m2e.maven.runtime_3.9.500.20231113-2345/jars/plexus-sec-dispatcher-2.0.jar
2023-12-25 15:18:42,858 [Worker-12: Launching mavenrun-35b6ba9f-f905-40fd-aab7-3f0a2479c142] INFO  o.eclipse.m2e.core.internal.Bundles - 	Entry: /home/dialmonsalve/.p2/pool/plugins/org.eclipse.m2e.maven.runtime_3.9.500.20231113-2345/jars/plexus-utils-3.5.1.jar
2023-12-25 15:18:42,858 [Worker-12: Launching mavenrun-35b6ba9f-f905-40fd-aab7-3f0a2479c142] INFO  o.eclipse.m2e.core.internal.Bundles - 	Entry: /home/dialmonsalve/.p2/pool/plugins/org.eclipse.m2e.maven.runtime_3.9.500.20231113-2345/jars/wagon-file-3.5.3.jar
2023-12-25 15:18:42,858 [Worker-12: Launching mavenrun-35b6ba9f-f905-40fd-aab7-3f0a2479c142] INFO  o.eclipse.m2e.core.internal.Bundles - 	Entry: /home/dialmonsalve/.p2/pool/plugins/org.eclipse.m2e.maven.runtime_3.9.500.20231113-2345/jars/wagon-http-3.5.3.jar
2023-12-25 15:18:42,859 [Worker-12: Launching mavenrun-35b6ba9f-f905-40fd-aab7-3f0a2479c142] INFO  o.eclipse.m2e.core.internal.Bundles - 	Entry: /home/dialmonsalve/.p2/pool/plugins/org.eclipse.m2e.maven.runtime_3.9.500.20231113-2345/jars/wagon-http-shared-3.5.3.jar
2023-12-25 15:18:42,859 [Worker-12: Launching mavenrun-35b6ba9f-f905-40fd-aab7-3f0a2479c142] INFO  o.eclipse.m2e.core.internal.Bundles - 	Entry: /home/dialmonsalve/.p2/pool/plugins/org.eclipse.m2e.maven.runtime_3.9.500.20231113-2345/jars/wagon-provider-api-3.5.3.jar
2023-12-25 15:18:42,861 [Worker-12: Launching mavenrun-35b6ba9f-f905-40fd-aab7-3f0a2479c142] INFO  o.eclipse.m2e.core.internal.Bundles - getClasspathEntries(Bundle=com.google.guava_32.1.3.jre [12])
2023-12-25 15:18:42,861 [Worker-12: Launching mavenrun-35b6ba9f-f905-40fd-aab7-3f0a2479c142] INFO  o.eclipse.m2e.core.internal.Bundles - 	Entry: /home/dialmonsalve/.p2/pool/plugins/com.google.guava_32.1.3.jre.jar
2023-12-25 15:18:42,861 [Worker-12: Launching mavenrun-35b6ba9f-f905-40fd-aab7-3f0a2479c142] INFO  o.eclipse.m2e.core.internal.Bundles - getClasspathEntries(Bundle=slf4j.api_2.0.9 [978])
2023-12-25 15:18:42,861 [Worker-12: Launching mavenrun-35b6ba9f-f905-40fd-aab7-3f0a2479c142] INFO  o.eclipse.m2e.core.internal.Bundles - 	Entry: /home/dialmonsalve/.p2/pool/plugins/slf4j.api_2.0.9.jar
2023-12-25 15:18:42,861 [Worker-12: Launching mavenrun-35b6ba9f-f905-40fd-aab7-3f0a2479c142] INFO  o.eclipse.m2e.core.internal.Bundles - getClasspathEntries(Bundle=jakarta.inject.jakarta.inject-api_1.0.5 [29])
2023-12-25 15:18:42,861 [Worker-12: Launching mavenrun-35b6ba9f-f905-40fd-aab7-3f0a2479c142] INFO  o.eclipse.m2e.core.internal.Bundles - 	Entry: /home/dialmonsalve/.p2/pool/plugins/jakarta.inject.jakarta.inject-api_1.0.5.jar
2023-12-25 15:18:42,861 [Worker-12: Launching mavenrun-35b6ba9f-f905-40fd-aab7-3f0a2479c142] INFO  o.eclipse.m2e.core.internal.Bundles - getClasspathEntries(Bundle=jakarta.annotation-api_1.3.5 [24])
2023-12-25 15:18:42,861 [Worker-12: Launching mavenrun-35b6ba9f-f905-40fd-aab7-3f0a2479c142] INFO  o.eclipse.m2e.core.internal.Bundles - 	Entry: /home/dialmonsalve/.p2/pool/plugins/jakarta.annotation-api_1.3.5.jar
2023-12-25 15:18:42,861 [Worker-12: Launching mavenrun-35b6ba9f-f905-40fd-aab7-3f0a2479c142] INFO  o.eclipse.m2e.core.internal.Bundles - getClasspathEntries(Bundle=org.apache.commons.cli_1.6.0 [71])
2023-12-25 15:18:42,861 [Worker-12: Launching mavenrun-35b6ba9f-f905-40fd-aab7-3f0a2479c142] INFO  o.eclipse.m2e.core.internal.Bundles - 	Entry: /home/dialmonsalve/.p2/pool/plugins/org.apache.commons.cli_1.6.0.jar
2023-12-25 15:18:42,861 [Worker-12: Launching mavenrun-35b6ba9f-f905-40fd-aab7-3f0a2479c142] INFO  o.eclipse.m2e.core.internal.Bundles - getClasspathEntries(Bundle=org.apache.commons.commons-codec_1.16.0 [75])
2023-12-25 15:18:42,861 [Worker-12: Launching mavenrun-35b6ba9f-f905-40fd-aab7-3f0a2479c142] INFO  o.eclipse.m2e.core.internal.Bundles - 	Entry: /home/dialmonsalve/.p2/pool/plugins/org.apache.commons.commons-codec_1.16.0.jar
2023-12-25 15:18:42,861 [Worker-12: Launching mavenrun-35b6ba9f-f905-40fd-aab7-3f0a2479c142] INFO  o.eclipse.m2e.core.internal.Bundles - getClasspathEntries(Bundle=org.apache.commons.lang3_3.13.0 [82])
2023-12-25 15:18:42,862 [Worker-12: Launching mavenrun-35b6ba9f-f905-40fd-aab7-3f0a2479c142] INFO  o.eclipse.m2e.core.internal.Bundles - 	Entry: /home/dialmonsalve/.p2/pool/plugins/org.apache.commons.lang3_3.13.0.jar
2023-12-25 15:18:42,862 [Worker-12: Launching mavenrun-35b6ba9f-f905-40fd-aab7-3f0a2479c142] INFO  o.eclipse.m2e.core.internal.Bundles - getClasspathEntries(Bundle=com.google.guava.failureaccess_1.0.2 [13])
2023-12-25 15:18:42,862 [Worker-12: Launching mavenrun-35b6ba9f-f905-40fd-aab7-3f0a2479c142] INFO  o.eclipse.m2e.core.internal.Bundles - 	Entry: /home/dialmonsalve/.p2/pool/plugins/com.google.guava.failureaccess_1.0.2.jar
2023-12-25 15:18:42,866 [Worker-12: Launching mavenrun-35b6ba9f-f905-40fd-aab7-3f0a2479c142] INFO  o.e.m.i.launch.MavenLaunchDelegate - Run build in "/tmp/m2e-archetypeGenerator5421422447975253629":
2023-12-25 15:18:42,873 [Worker-12: Launching mavenrun-35b6ba9f-f905-40fd-aab7-3f0a2479c142] INFO  o.e.m.i.launch.MavenLaunchDelegate -  mvn  -DarchetypeGroupId=org.apache.maven.archetypes -DarchetypeArtifactId=maven-archetype-quickstart -DarchetypeVersion=1.1 -DgroupId=com.dialmonsalve -DartifactId=spring -Dversion=0.0.1-SNAPSHOT -Dpackage=com.dialmonsalve.spring -DoutputDirectory=/home/dialmonsalve/Documents/Programacion/Java/workspace -Dstyle.color=always -U archetype:generate
2023-12-25 15:33:08,193 [Worker-21: Launching mavenrun-d09b8e4e-9cc5-4d7b-b67d-262c25fc1c7c] INFO  o.eclipse.m2e.core.internal.Bundles - getClasspathEntries(Bundle=org.eclipse.m2e.maven.runtime_3.9.500.20231113-2345 [620])
2023-12-25 15:33:08,194 [Worker-21: Launching mavenrun-d09b8e4e-9cc5-4d7b-b67d-262c25fc1c7c] INFO  o.eclipse.m2e.core.internal.Bundles - 	Entry: /home/dialmonsalve/.p2/pool/plugins/org.eclipse.m2e.maven.runtime_3.9.500.20231113-2345
2023-12-25 15:33:08,195 [Worker-21: Launching mavenrun-d09b8e4e-9cc5-4d7b-b67d-262c25fc1c7c] INFO  o.eclipse.m2e.core.internal.Bundles - 	Entry: /home/dialmonsalve/.p2/pool/plugins/org.eclipse.m2e.maven.runtime_3.9.500.20231113-2345/jars/aopalliance-1.0.jar
2023-12-25 15:33:08,195 [Worker-21: Launching mavenrun-d09b8e4e-9cc5-4d7b-b67d-262c25fc1c7c] INFO  o.eclipse.m2e.core.internal.Bundles - 	Entry: /home/dialmonsalve/.p2/pool/plugins/org.eclipse.m2e.maven.runtime_3.9.500.20231113-2345/jars/guice-5.1.0.jar
2023-12-25 15:33:08,195 [Worker-21: Launching mavenrun-d09b8e4e-9cc5-4d7b-b67d-262c25fc1c7c] INFO  o.eclipse.m2e.core.internal.Bundles - 	Entry: /home/dialmonsalve/.p2/pool/plugins/org.eclipse.m2e.maven.runtime_3.9.500.20231113-2345/jars/httpclient-4.5.14.jar
2023-12-25 15:33:08,195 [Worker-21: Launching mavenrun-d09b8e4e-9cc5-4d7b-b67d-262c25fc1c7c] INFO  o.eclipse.m2e.core.internal.Bundles - 	Entry: /home/dialmonsalve/.p2/pool/plugins/org.eclipse.m2e.maven.runtime_3.9.500.20231113-2345/jars/httpcore-4.4.16.jar
2023-12-25 15:33:08,196 [Worker-21: Launching mavenrun-d09b8e4e-9cc5-4d7b-b67d-262c25fc1c7c] INFO  o.eclipse.m2e.core.internal.Bundles - 	Entry: /home/dialmonsalve/.p2/pool/plugins/org.eclipse.m2e.maven.runtime_3.9.500.20231113-2345/jars/jansi-2.4.0.jar
2023-12-25 15:33:08,196 [Worker-21: Launching mavenrun-d09b8e4e-9cc5-4d7b-b67d-262c25fc1c7c] INFO  o.eclipse.m2e.core.internal.Bundles - 	Entry: /home/dialmonsalve/.p2/pool/plugins/org.eclipse.m2e.maven.runtime_3.9.500.20231113-2345/jars/jcl-over-slf4j-1.7.36.jar
2023-12-25 15:33:08,196 [Worker-21: Launching mavenrun-d09b8e4e-9cc5-4d7b-b67d-262c25fc1c7c] INFO  o.eclipse.m2e.core.internal.Bundles - 	Entry: /home/dialmonsalve/.p2/pool/plugins/org.eclipse.m2e.maven.runtime_3.9.500.20231113-2345/jars/maven-artifact-3.9.5.jar
2023-12-25 15:33:08,196 [Worker-21: Launching mavenrun-d09b8e4e-9cc5-4d7b-b67d-262c25fc1c7c] INFO  o.eclipse.m2e.core.internal.Bundles - 	Entry: /home/dialmonsalve/.p2/pool/plugins/org.eclipse.m2e.maven.runtime_3.9.500.20231113-2345/jars/maven-builder-support-3.9.5.jar
2023-12-25 15:33:08,196 [Worker-21: Launching mavenrun-d09b8e4e-9cc5-4d7b-b67d-262c25fc1c7c] INFO  o.eclipse.m2e.core.internal.Bundles - 	Entry: /home/dialmonsalve/.p2/pool/plugins/org.eclipse.m2e.maven.runtime_3.9.500.20231113-2345/jars/maven-compat-3.9.5.jar
2023-12-25 15:33:08,197 [Worker-21: Launching mavenrun-d09b8e4e-9cc5-4d7b-b67d-262c25fc1c7c] INFO  o.eclipse.m2e.core.internal.Bundles - 	Entry: /home/dialmonsalve/.p2/pool/plugins/org.eclipse.m2e.maven.runtime_3.9.500.20231113-2345/jars/maven-core-3.9.5.jar
2023-12-25 15:33:08,197 [Worker-21: Launching mavenrun-d09b8e4e-9cc5-4d7b-b67d-262c25fc1c7c] INFO  o.eclipse.m2e.core.internal.Bundles - 	Entry: /home/dialmonsalve/.p2/pool/plugins/org.eclipse.m2e.maven.runtime_3.9.500.20231113-2345/jars/maven-embedder-3.9.5.jar
2023-12-25 15:33:08,197 [Worker-21: Launching mavenrun-d09b8e4e-9cc5-4d7b-b67d-262c25fc1c7c] INFO  o.eclipse.m2e.core.internal.Bundles - 	Entry: /home/dialmonsalve/.p2/pool/plugins/org.eclipse.m2e.maven.runtime_3.9.500.20231113-2345/jars/maven-model-3.9.5.jar
2023-12-25 15:33:08,197 [Worker-21: Launching mavenrun-d09b8e4e-9cc5-4d7b-b67d-262c25fc1c7c] INFO  o.eclipse.m2e.core.internal.Bundles - 	Entry: /home/dialmonsalve/.p2/pool/plugins/org.eclipse.m2e.maven.runtime_3.9.500.20231113-2345/jars/maven-model-builder-3.9.5.jar
2023-12-25 15:33:08,197 [Worker-21: Launching mavenrun-d09b8e4e-9cc5-4d7b-b67d-262c25fc1c7c] INFO  o.eclipse.m2e.core.internal.Bundles - 	Entry: /home/dialmonsalve/.p2/pool/plugins/org.eclipse.m2e.maven.runtime_3.9.500.20231113-2345/jars/maven-plugin-api-3.9.5.jar
2023-12-25 15:33:08,197 [Worker-21: Launching mavenrun-d09b8e4e-9cc5-4d7b-b67d-262c25fc1c7c] INFO  o.eclipse.m2e.core.internal.Bundles - 	Entry: /home/dialmonsalve/.p2/pool/plugins/org.eclipse.m2e.maven.runtime_3.9.500.20231113-2345/jars/maven-repository-metadata-3.9.5.jar
2023-12-25 15:33:08,197 [Worker-21: Launching mavenrun-d09b8e4e-9cc5-4d7b-b67d-262c25fc1c7c] INFO  o.eclipse.m2e.core.internal.Bundles - 	Entry: /home/dialmonsalve/.p2/pool/plugins/org.eclipse.m2e.maven.runtime_3.9.500.20231113-2345/jars/maven-resolver-api-1.9.16.jar
2023-12-25 15:33:08,198 [Worker-21: Launching mavenrun-d09b8e4e-9cc5-4d7b-b67d-262c25fc1c7c] INFO  o.eclipse.m2e.core.internal.Bundles - 	Entry: /home/dialmonsalve/.p2/pool/plugins/org.eclipse.m2e.maven.runtime_3.9.500.20231113-2345/jars/maven-resolver-connector-basic-1.9.16.jar
2023-12-25 15:33:08,198 [Worker-21: Launching mavenrun-d09b8e4e-9cc5-4d7b-b67d-262c25fc1c7c] INFO  o.eclipse.m2e.core.internal.Bundles - 	Entry: /home/dialmonsalve/.p2/pool/plugins/org.eclipse.m2e.maven.runtime_3.9.500.20231113-2345/jars/maven-resolver-impl-1.9.16.jar
2023-12-25 15:33:08,198 [Worker-21: Launching mavenrun-d09b8e4e-9cc5-4d7b-b67d-262c25fc1c7c] INFO  o.eclipse.m2e.core.internal.Bundles - 	Entry: /home/dialmonsalve/.p2/pool/plugins/org.eclipse.m2e.maven.runtime_3.9.500.20231113-2345/jars/maven-resolver-named-locks-1.9.16.jar
2023-12-25 15:33:08,198 [Worker-21: Launching mavenrun-d09b8e4e-9cc5-4d7b-b67d-262c25fc1c7c] INFO  o.eclipse.m2e.core.internal.Bundles - 	Entry: /home/dialmonsalve/.p2/pool/plugins/org.eclipse.m2e.maven.runtime_3.9.500.20231113-2345/jars/maven-resolver-provider-3.9.5.jar
2023-12-25 15:33:08,198 [Worker-21: Launching mavenrun-d09b8e4e-9cc5-4d7b-b67d-262c25fc1c7c] INFO  o.eclipse.m2e.core.internal.Bundles - 	Entry: /home/dialmonsalve/.p2/pool/plugins/org.eclipse.m2e.maven.runtime_3.9.500.20231113-2345/jars/maven-resolver-spi-1.9.16.jar
2023-12-25 15:33:08,198 [Worker-21: Launching mavenrun-d09b8e4e-9cc5-4d7b-b67d-262c25fc1c7c] INFO  o.eclipse.m2e.core.internal.Bundles - 	Entry: /home/dialmonsalve/.p2/pool/plugins/org.eclipse.m2e.maven.runtime_3.9.500.20231113-2345/jars/maven-resolver-transport-file-1.9.16.jar
2023-12-25 15:33:08,198 [Worker-21: Launching mavenrun-d09b8e4e-9cc5-4d7b-b67d-262c25fc1c7c] INFO  o.eclipse.m2e.core.internal.Bundles - 	Entry: /home/dialmonsalve/.p2/pool/plugins/org.eclipse.m2e.maven.runtime_3.9.500.20231113-2345/jars/maven-resolver-transport-http-1.9.16.jar
2023-12-25 15:33:08,199 [Worker-21: Launching mavenrun-d09b8e4e-9cc5-4d7b-b67d-262c25fc1c7c] INFO  o.eclipse.m2e.core.internal.Bundles - 	Entry: /home/dialmonsalve/.p2/pool/plugins/org.eclipse.m2e.maven.runtime_3.9.500.20231113-2345/jars/maven-resolver-transport-wagon-1.9.16.jar
2023-12-25 15:33:08,199 [Worker-21: Launching mavenrun-d09b8e4e-9cc5-4d7b-b67d-262c25fc1c7c] INFO  o.eclipse.m2e.core.internal.Bundles - 	Entry: /home/dialmonsalve/.p2/pool/plugins/org.eclipse.m2e.maven.runtime_3.9.500.20231113-2345/jars/maven-resolver-util-1.9.16.jar
2023-12-25 15:33:08,199 [Worker-21: Launching mavenrun-d09b8e4e-9cc5-4d7b-b67d-262c25fc1c7c] INFO  o.eclipse.m2e.core.internal.Bundles - 	Entry: /home/dialmonsalve/.p2/pool/plugins/org.eclipse.m2e.maven.runtime_3.9.500.20231113-2345/jars/maven-settings-3.9.5.jar
2023-12-25 15:33:08,199 [Worker-21: Launching mavenrun-d09b8e4e-9cc5-4d7b-b67d-262c25fc1c7c] INFO  o.eclipse.m2e.core.internal.Bundles - 	Entry: /home/dialmonsalve/.p2/pool/plugins/org.eclipse.m2e.maven.runtime_3.9.500.20231113-2345/jars/maven-settings-builder-3.9.5.jar
2023-12-25 15:33:08,199 [Worker-21: Launching mavenrun-d09b8e4e-9cc5-4d7b-b67d-262c25fc1c7c] INFO  o.eclipse.m2e.core.internal.Bundles - 	Entry: /home/dialmonsalve/.p2/pool/plugins/org.eclipse.m2e.maven.runtime_3.9.500.20231113-2345/jars/maven-shared-utils-3.3.4.jar
2023-12-25 15:33:08,199 [Worker-21: Launching mavenrun-d09b8e4e-9cc5-4d7b-b67d-262c25fc1c7c] INFO  o.eclipse.m2e.core.internal.Bundles - 	Entry: /home/dialmonsalve/.p2/pool/plugins/org.eclipse.m2e.maven.runtime_3.9.500.20231113-2345/jars/org.eclipse.sisu.inject-0.3.5.jar
2023-12-25 15:33:08,200 [Worker-21: Launching mavenrun-d09b8e4e-9cc5-4d7b-b67d-262c25fc1c7c] INFO  o.eclipse.m2e.core.internal.Bundles - 	Entry: /home/dialmonsalve/.p2/pool/plugins/org.eclipse.m2e.maven.runtime_3.9.500.20231113-2345/jars/org.eclipse.sisu.plexus-0.3.5.jar
2023-12-25 15:33:08,200 [Worker-21: Launching mavenrun-d09b8e4e-9cc5-4d7b-b67d-262c25fc1c7c] INFO  o.eclipse.m2e.core.internal.Bundles - 	Entry: /home/dialmonsalve/.p2/pool/plugins/org.eclipse.m2e.maven.runtime_3.9.500.20231113-2345/jars/plexus-build-api-0.0.7.jar
2023-12-25 15:33:08,200 [Worker-21: Launching mavenrun-d09b8e4e-9cc5-4d7b-b67d-262c25fc1c7c] INFO  o.eclipse.m2e.core.internal.Bundles - 	Entry: /home/dialmonsalve/.p2/pool/plugins/org.eclipse.m2e.maven.runtime_3.9.500.20231113-2345/jars/plexus-cipher-2.0.jar
2023-12-25 15:33:08,200 [Worker-21: Launching mavenrun-d09b8e4e-9cc5-4d7b-b67d-262c25fc1c7c] INFO  o.eclipse.m2e.core.internal.Bundles - 	Entry: /home/dialmonsalve/.p2/pool/plugins/org.eclipse.m2e.maven.runtime_3.9.500.20231113-2345/jars/plexus-classworlds-2.7.0.jar
2023-12-25 15:33:08,200 [Worker-21: Launching mavenrun-d09b8e4e-9cc5-4d7b-b67d-262c25fc1c7c] INFO  o.eclipse.m2e.core.internal.Bundles - 	Entry: /home/dialmonsalve/.p2/pool/plugins/org.eclipse.m2e.maven.runtime_3.9.500.20231113-2345/jars/plexus-component-annotations-2.1.0.jar
2023-12-25 15:33:08,200 [Worker-21: Launching mavenrun-d09b8e4e-9cc5-4d7b-b67d-262c25fc1c7c] INFO  o.eclipse.m2e.core.internal.Bundles - 	Entry: /home/dialmonsalve/.p2/pool/plugins/org.eclipse.m2e.maven.runtime_3.9.500.20231113-2345/jars/plexus-interpolation-1.26.jar
2023-12-25 15:33:08,200 [Worker-21: Launching mavenrun-d09b8e4e-9cc5-4d7b-b67d-262c25fc1c7c] INFO  o.eclipse.m2e.core.internal.Bundles - 	Entry: /home/dialmonsalve/.p2/pool/plugins/org.eclipse.m2e.maven.runtime_3.9.500.20231113-2345/jars/plexus-sec-dispatcher-2.0.jar
2023-12-25 15:33:08,201 [Worker-21: Launching mavenrun-d09b8e4e-9cc5-4d7b-b67d-262c25fc1c7c] INFO  o.eclipse.m2e.core.internal.Bundles - 	Entry: /home/dialmonsalve/.p2/pool/plugins/org.eclipse.m2e.maven.runtime_3.9.500.20231113-2345/jars/plexus-utils-3.5.1.jar
2023-12-25 15:33:08,201 [Worker-21: Launching mavenrun-d09b8e4e-9cc5-4d7b-b67d-262c25fc1c7c] INFO  o.eclipse.m2e.core.internal.Bundles - 	Entry: /home/dialmonsalve/.p2/pool/plugins/org.eclipse.m2e.maven.runtime_3.9.500.20231113-2345/jars/wagon-file-3.5.3.jar
2023-12-25 15:33:08,201 [Worker-21: Launching mavenrun-d09b8e4e-9cc5-4d7b-b67d-262c25fc1c7c] INFO  o.eclipse.m2e.core.internal.Bundles - 	Entry: /home/dialmonsalve/.p2/pool/plugins/org.eclipse.m2e.maven.runtime_3.9.500.20231113-2345/jars/wagon-http-3.5.3.jar
2023-12-25 15:33:08,201 [Worker-21: Launching mavenrun-d09b8e4e-9cc5-4d7b-b67d-262c25fc1c7c] INFO  o.eclipse.m2e.core.internal.Bundles - 	Entry: /home/dialmonsalve/.p2/pool/plugins/org.eclipse.m2e.maven.runtime_3.9.500.20231113-2345/jars/wagon-http-shared-3.5.3.jar
2023-12-25 15:33:08,201 [Worker-21: Launching mavenrun-d09b8e4e-9cc5-4d7b-b67d-262c25fc1c7c] INFO  o.eclipse.m2e.core.internal.Bundles - 	Entry: /home/dialmonsalve/.p2/pool/plugins/org.eclipse.m2e.maven.runtime_3.9.500.20231113-2345/jars/wagon-provider-api-3.5.3.jar
2023-12-25 15:33:08,201 [Worker-21: Launching mavenrun-d09b8e4e-9cc5-4d7b-b67d-262c25fc1c7c] INFO  o.eclipse.m2e.core.internal.Bundles - getClasspathEntries(Bundle=com.google.guava_32.1.3.jre [12])
2023-12-25 15:33:08,202 [Worker-21: Launching mavenrun-d09b8e4e-9cc5-4d7b-b67d-262c25fc1c7c] INFO  o.eclipse.m2e.core.internal.Bundles - 	Entry: /home/dialmonsalve/.p2/pool/plugins/com.google.guava_32.1.3.jre.jar
2023-12-25 15:33:08,202 [Worker-21: Launching mavenrun-d09b8e4e-9cc5-4d7b-b67d-262c25fc1c7c] INFO  o.eclipse.m2e.core.internal.Bundles - getClasspathEntries(Bundle=slf4j.api_2.0.9 [978])
2023-12-25 15:33:08,202 [Worker-21: Launching mavenrun-d09b8e4e-9cc5-4d7b-b67d-262c25fc1c7c] INFO  o.eclipse.m2e.core.internal.Bundles - 	Entry: /home/dialmonsalve/.p2/pool/plugins/slf4j.api_2.0.9.jar
2023-12-25 15:33:08,202 [Worker-21: Launching mavenrun-d09b8e4e-9cc5-4d7b-b67d-262c25fc1c7c] INFO  o.eclipse.m2e.core.internal.Bundles - getClasspathEntries(Bundle=jakarta.inject.jakarta.inject-api_1.0.5 [29])
2023-12-25 15:33:08,202 [Worker-21: Launching mavenrun-d09b8e4e-9cc5-4d7b-b67d-262c25fc1c7c] INFO  o.eclipse.m2e.core.internal.Bundles - 	Entry: /home/dialmonsalve/.p2/pool/plugins/jakarta.inject.jakarta.inject-api_1.0.5.jar
2023-12-25 15:33:08,202 [Worker-21: Launching mavenrun-d09b8e4e-9cc5-4d7b-b67d-262c25fc1c7c] INFO  o.eclipse.m2e.core.internal.Bundles - getClasspathEntries(Bundle=jakarta.annotation-api_1.3.5 [24])
2023-12-25 15:33:08,202 [Worker-21: Launching mavenrun-d09b8e4e-9cc5-4d7b-b67d-262c25fc1c7c] INFO  o.eclipse.m2e.core.internal.Bundles - 	Entry: /home/dialmonsalve/.p2/pool/plugins/jakarta.annotation-api_1.3.5.jar
2023-12-25 15:33:08,202 [Worker-21: Launching mavenrun-d09b8e4e-9cc5-4d7b-b67d-262c25fc1c7c] INFO  o.eclipse.m2e.core.internal.Bundles - getClasspathEntries(Bundle=org.apache.commons.cli_1.6.0 [71])
2023-12-25 15:33:08,202 [Worker-21: Launching mavenrun-d09b8e4e-9cc5-4d7b-b67d-262c25fc1c7c] INFO  o.eclipse.m2e.core.internal.Bundles - 	Entry: /home/dialmonsalve/.p2/pool/plugins/org.apache.commons.cli_1.6.0.jar
2023-12-25 15:33:08,203 [Worker-21: Launching mavenrun-d09b8e4e-9cc5-4d7b-b67d-262c25fc1c7c] INFO  o.eclipse.m2e.core.internal.Bundles - getClasspathEntries(Bundle=org.apache.commons.commons-codec_1.16.0 [75])
2023-12-25 15:33:08,203 [Worker-21: Launching mavenrun-d09b8e4e-9cc5-4d7b-b67d-262c25fc1c7c] INFO  o.eclipse.m2e.core.internal.Bundles - 	Entry: /home/dialmonsalve/.p2/pool/plugins/org.apache.commons.commons-codec_1.16.0.jar
2023-12-25 15:33:08,203 [Worker-21: Launching mavenrun-d09b8e4e-9cc5-4d7b-b67d-262c25fc1c7c] INFO  o.eclipse.m2e.core.internal.Bundles - getClasspathEntries(Bundle=org.apache.commons.lang3_3.13.0 [82])
2023-12-25 15:33:08,203 [Worker-21: Launching mavenrun-d09b8e4e-9cc5-4d7b-b67d-262c25fc1c7c] INFO  o.eclipse.m2e.core.internal.Bundles - 	Entry: /home/dialmonsalve/.p2/pool/plugins/org.apache.commons.lang3_3.13.0.jar
2023-12-25 15:33:08,203 [Worker-21: Launching mavenrun-d09b8e4e-9cc5-4d7b-b67d-262c25fc1c7c] INFO  o.eclipse.m2e.core.internal.Bundles - getClasspathEntries(Bundle=com.google.guava.failureaccess_1.0.2 [13])
2023-12-25 15:33:08,203 [Worker-21: Launching mavenrun-d09b8e4e-9cc5-4d7b-b67d-262c25fc1c7c] INFO  o.eclipse.m2e.core.internal.Bundles - 	Entry: /home/dialmonsalve/.p2/pool/plugins/com.google.guava.failureaccess_1.0.2.jar
2023-12-25 15:33:08,204 [Worker-21: Launching mavenrun-d09b8e4e-9cc5-4d7b-b67d-262c25fc1c7c] INFO  o.e.m.i.launch.MavenLaunchDelegate - Run build in "/tmp/m2e-archetypeGenerator5383524448001514108":
2023-12-25 15:33:08,204 [Worker-21: Launching mavenrun-d09b8e4e-9cc5-4d7b-b67d-262c25fc1c7c] INFO  o.e.m.i.launch.MavenLaunchDelegate -  mvn  -DarchetypeGroupId=org.apache.maven.archetypes -DarchetypeArtifactId=maven-archetype-quickstart -DarchetypeVersion=1.1 -DgroupId=com.dialmonsalve -DartifactId=spring -Dversion=0.0.1-SNAPSHOT -Dpackage=com.dialmonsalve.spring -DoutputDirectory=/home/dialmonsalve/Documents/Programacion/Java/workspace -Dstyle.color=always -U archetype:generate
2023-12-25 15:45:35,902 [Worker-6: Loading available Gradle versions] INFO  o.e.b.c.i.u.g.PublishedGradleVersions - Gradle version information cache is up-to-date. Trying to read.
